------------------------------------------------
nprobe = 200 k = 100
Recall = 99%	Ratio = 1.00016
Time = 926.55 us 	 QPS = 1079.27 query/s
------------------------------------------------
nprobe = 200 k = 100
Recall = 98.86%	Ratio = 1.00018
Time = 888.63 us 	 QPS = 1125.33 query/s
------------------------------------------------
nprobe = 200 k = 100
Recall = 98.94%	Ratio = 1.00016
Time = 916.54 us 	 QPS = 1091.06 query/s
------------------------------------------------
nprobe = 200 k = 100
Recall = 99.01%	Ratio = 1.00015
Time = 911.41 us 	 QPS = 1097.2 query/s
------------------------------------------------
nprobe = 200 k = 100
Recall = 98.82%	Ratio = 1.0002
Time = 903.83 us 	 QPS = 1106.4 query/s
------------------------------------------------
nprobe = 200 k = 100
Recall = 98.96%	Ratio = 1.00016
Time = 908.6 us 	 QPS = 1100.59 query/s
------------------------------------------------
nprobe = 200 k = 100
Recall = 98.8%	Ratio = 1.00018
Time = 892.92 us 	 QPS = 1119.92 query/s
------------------------------------------------
nprobe = 200 k = 100
Recall = 99.05%	Ratio = 1.00015
Time = 887.21 us 	 QPS = 1127.13 query/s
------------------------------------------------
nprobe = 200 k = 100
Recall = 98.89%	Ratio = 1.00018
Time = 905.89 us 	 QPS = 1103.89 query/s
------------------------------------------------
nprobe = 200 k = 100
Recall = 98.89%	Ratio = 1.00019
Time = 916.05 us 	 QPS = 1091.64 query/s
------------------------------------------------
nprobe = 200 k = 100
Recall = 98.9%	Ratio = 1.00019
Time = 885.44 us 	 QPS = 1129.38 query/s
------------------------------------------------
nprobe = 200 k = 100
Recall = 99.03%	Ratio = 1.00015
Time = 907.09 us 	 QPS = 1102.43 query/s
------------------------------------------------
nprobe = 200 k = 100
Recall = 98.97%	Ratio = 1.00015
Time = 897.06 us 	 QPS = 1114.75 query/s
------------------------------------------------
nprobe = 200 k = 100
Recall = 98.94%	Ratio = 1.00016
Time = 911.76 us 	 QPS = 1096.78 query/s
