------------------------------------------------
nprobe = 200 k = 100
Recall = 99.51%	Ratio = 1.0001
Time = 884.2 us 	 QPS = 1130.97 query/s
------------------------------------------------
nprobe = 200 k = 100
Recall = 99.51%	Ratio = 1.0001
Time = 892.98 us 	 QPS = 1119.85 query/s
------------------------------------------------
nprobe = 200 k = 100
Recall = 99.51%	Ratio = 1.0001
Time = 733.39 us 	 QPS = 1363.53 query/s
------------------------------------------------
nprobe = 200 k = 100
Recall = 99.51%	Ratio = 1.0001
Time = 888.02 us 	 QPS = 1126.1 query/s
------------------------------------------------
nprobe = 200 k = 100
Recall = 99.51%	Ratio = 1.0001
Time = 886.32 us 	 QPS = 1128.26 query/s
------------------------------------------------
nprobe = 200 k = 100
Recall = 99.51%	Ratio = 1.0001
Time = 899.49 us 	 QPS = 1111.74 query/s
------------------------------------------------
nprobe = 200 k = 100
Recall = 99.51%	Ratio = 1.0001
Time = 904.04 us 	 QPS = 1106.15 query/s
------------------------------------------------
nprobe = 200 k = 100
Recall = 99.51%	Ratio = 1.0001
Time = 915.02 us 	 QPS = 1092.87 query/s
------------------------------------------------
nprobe = 200 k = 100
Recall = 99.51%	Ratio = 1.0001
Time = 841.22 us 	 QPS = 1188.75 query/s
------------------------------------------------
nprobe = 200 k = 100
Recall = 99.51%	Ratio = 1.0001
Time = 915.18 us 	 QPS = 1092.68 query/s
------------------------------------------------
nprobe = 200 k = 100
Recall = 99.51%	Ratio = 1.0001
Time = 909.5 us 	 QPS = 1099.51 query/s
------------------------------------------------
nprobe = 200 k = 100
Recall = 99.51%	Ratio = 1.0001
Time = 909.41 us 	 QPS = 1099.61 query/s
------------------------------------------------
nprobe = 200 k = 100
Recall = 99.51%	Ratio = 1.0001
Time = 893.5 us 	 QPS = 1119.19 query/s
------------------------------------------------
nprobe = 200 k = 100
Recall = 99.51%	Ratio = 1.0001
Time = 899.95 us 	 QPS = 1111.17 query/s
------------------------------------------------
nprobe = 200 k = 100
Recall = 99.51%	Ratio = 1.0001
Time = 885.74 us 	 QPS = 1129 query/s
------------------------------------------------
nprobe = 200 k = 100
Recall = 99.51%	Ratio = 1.0001
Time = 902.26 us 	 QPS = 1108.33 query/s
------------------------------------------------
nprobe = 200 k = 100
Recall = 99.51%	Ratio = 1.0001
Time = 898.77 us 	 QPS = 1112.63 query/s
------------------------------------------------
nprobe = 200 k = 100
Recall = 99.51%	Ratio = 1.0001
Time = 890.67 us 	 QPS = 1122.75 query/s
------------------------------------------------
nprobe = 200 k = 100
Recall = 99.51%	Ratio = 1.0001
Time = 898.63 us 	 QPS = 1112.81 query/s
------------------------------------------------
nprobe = 200 k = 100
Recall = 99.51%	Ratio = 1.0001
Time = 885.64 us 	 QPS = 1129.13 query/s
------------------------------------------------
nprobe = 200 k = 100
Recall = 99.51%	Ratio = 1.0001
Time = 894.69 us 	 QPS = 1117.71 query/s
------------------------------------------------
nprobe = 200 k = 100
Recall = 99.51%	Ratio = 1.0001
Time = 896.82 us 	 QPS = 1115.05 query/s
------------------------------------------------
nprobe = 200 k = 100
Recall = 99.51%	Ratio = 1.0001
Time = 894.24 us 	 QPS = 1118.27 query/s
------------------------------------------------
nprobe = 200 k = 100
Recall = 99.51%	Ratio = 1.0001
Time = 894.93 us 	 QPS = 1117.41 query/s
------------------------------------------------
nprobe = 200 k = 100
Recall = 99.51%	Ratio = 1.0001
Time = 890.06 us 	 QPS = 1123.52 query/s
------------------------------------------------
nprobe = 200 k = 100
Recall = 99.51%	Ratio = 1.0001
Time = 872.46 us 	 QPS = 1146.18 query/s
------------------------------------------------
nprobe = 200 k = 100
Recall = 99.51%	Ratio = 1.0001
Time = 869.44 us 	 QPS = 1150.17 query/s
------------------------------------------------
nprobe = 200 k = 100
Recall = 99.51%	Ratio = 1.0001
Time = 894.47 us 	 QPS = 1117.98 query/s
------------------------------------------------
nprobe = 200 k = 100
Recall = 99.51%	Ratio = 1.0001
Time = 812.93 us 	 QPS = 1230.12 query/s
------------------------------------------------
nprobe = 200 k = 100
Recall = 99.51%	Ratio = 1.0001
Time = 872.14 us 	 QPS = 1146.6 query/s
------------------------------------------------
nprobe = 200 k = 100
Recall = 99.51%	Ratio = 1.0001
Time = 891.74 us 	 QPS = 1121.4 query/s
------------------------------------------------
nprobe = 200 k = 100
Recall = 99.51%	Ratio = 1.0001
Time = 903.28 us 	 QPS = 1107.08 query/s
------------------------------------------------
nprobe = 200 k = 100
Recall = 99.51%	Ratio = 1.0001
Time = 905.42 us 	 QPS = 1104.46 query/s
------------------------------------------------
nprobe = 200 k = 100
Recall = 99.51%	Ratio = 1.0001
Time = 878.6 us 	 QPS = 1138.17 query/s
------------------------------------------------
nprobe = 200 k = 100
Recall = 99.51%	Ratio = 1.0001
Time = 803.44 us 	 QPS = 1244.65 query/s
------------------------------------------------
nprobe = 200 k = 100
Recall = 99.51%	Ratio = 1.0001
Time = 818.9 us 	 QPS = 1221.15 query/s
------------------------------------------------
nprobe = 200 k = 100
Recall = 99.51%	Ratio = 1.0001
Time = 870.51 us 	 QPS = 1148.75 query/s
------------------------------------------------
nprobe = 200 k = 100
Recall = 99.51%	Ratio = 1.0001
Time = 878.6 us 	 QPS = 1138.17 query/s
------------------------------------------------
nprobe = 200 k = 100
Recall = 99.51%	Ratio = 1.0001
Time = 871.13 us 	 QPS = 1147.93 query/s
------------------------------------------------
nprobe = 200 k = 100
Recall = 99.51%	Ratio = 1.0001
Time = 869.94 us 	 QPS = 1149.5 query/s
------------------------------------------------
nprobe = 200 k = 100
Recall = 99.51%	Ratio = 1.0001
Time = 901.31 us 	 QPS = 1109.5 query/s
------------------------------------------------
nprobe = 200 k = 100
Recall = 99.51%	Ratio = 1.0001
Time = 896.82 us 	 QPS = 1115.05 query/s
------------------------------------------------
nprobe = 200 k = 100
Recall = 99.51%	Ratio = 1.0001
Time = 870.13 us 	 QPS = 1149.25 query/s
------------------------------------------------
nprobe = 200 k = 100
Recall = 99.51%	Ratio = 1.0001
Time = 889.43 us 	 QPS = 1124.32 query/s
------------------------------------------------
nprobe = 200 k = 100
Recall = 99.51%	Ratio = 1.0001
Time = 898.36 us 	 QPS = 1113.14 query/s
------------------------------------------------
nprobe = 200 k = 100
Recall = 99.51%	Ratio = 1.0001
Time = 890.11 us 	 QPS = 1123.46 query/s
------------------------------------------------
nprobe = 200 k = 100
Recall = 99.51%	Ratio = 1.0001
Time = 901.5 us 	 QPS = 1109.26 query/s
------------------------------------------------
nprobe = 200 k = 100
Recall = 99.51%	Ratio = 1.0001
Time = 899.55 us 	 QPS = 1111.67 query/s
------------------------------------------------
nprobe = 200 k = 100
Recall = 99.51%	Ratio = 1.0001
Time = 867.6 us 	 QPS = 1152.6 query/s
------------------------------------------------
nprobe = 200 k = 100
Recall = 99.51%	Ratio = 1.0001
Time = 800.36 us 	 QPS = 1249.44 query/s
------------------------------------------------
nprobe = 200 k = 100
Recall = 99.51%	Ratio = 1.0001
Time = 896.23 us 	 QPS = 1115.78 query/s
------------------------------------------------
nprobe = 200 k = 100
Recall = 99.51%	Ratio = 1.0001
Time = 888.33 us 	 QPS = 1125.71 query/s
------------------------------------------------
nprobe = 200 k = 100
Recall = 99.51%	Ratio = 1.0001
Time = 851.99 us 	 QPS = 1173.72 query/s
