------------------------------------------------
nprobe = 200 k = 100
Recall = 98.036%	Ratio = 1.00039
Time = 403.998 us 	 QPS = 2475.26 query/s
------------------------------------------------
nprobe = 200 k = 100
Recall = 98.029%	Ratio = 1.00039
Time = 450.44 us 	 QPS = 2220.05 query/s
------------------------------------------------
nprobe = 200 k = 100
Recall = 98.028%	Ratio = 1.00039
Time = 464.406 us 	 QPS = 2153.29 query/s
------------------------------------------------
nprobe = 200 k = 100
Recall = 98.037%	Ratio = 1.00039
Time = 381.026 us 	 QPS = 2624.49 query/s
------------------------------------------------
nprobe = 200 k = 100
Recall = 98.025%	Ratio = 1.00039
Time = 386.451 us 	 QPS = 2587.65 query/s
------------------------------------------------
nprobe = 200 k = 100
Recall = 98.033%	Ratio = 1.00039
Time = 385.241 us 	 QPS = 2595.78 query/s
------------------------------------------------
nprobe = 200 k = 100
Recall = 98.023%	Ratio = 1.00039
Time = 409.44 us 	 QPS = 2442.36 query/s
------------------------------------------------
nprobe = 200 k = 100
Recall = 98.043%	Ratio = 1.00039
Time = 410.677 us 	 QPS = 2435 query/s
------------------------------------------------
nprobe = 200 k = 100
Recall = 98.027%	Ratio = 1.00039
Time = 398.626 us 	 QPS = 2508.62 query/s
------------------------------------------------
nprobe = 200 k = 100
Recall = 98.012%	Ratio = 1.00039
Time = 415.731 us 	 QPS = 2405.4 query/s
